2021.02.01 17:16:39 080 Success 「Le Jason」 guest has been removed. 
2021.02.01 17:16:39 324 Success 「Nabeshima Hiroaki」 guest has been removed. 
2021.02.01 17:16:39 525 Success 「yenino7904」 guest has been removed. 
2021.02.01 17:16:39 735 Success 「tiway84941」 guest has been removed. 
2021.02.01 17:16:39 934 Success 「yocokoc511」 guest has been removed. 
2021.02.01 17:16:40 145 Success 「hekeb56087」 guest has been removed. 
2021.02.01 17:16:40 364 Success 「tiron56376」 guest has been removed. 
2021.02.01 17:16:40 570 Success 「sejesok667」 guest has been removed. 
2021.02.01 17:16:40 776 Success 「_04 TestGuest」 guest has been removed. 
2021.02.01 17:16:41 014 Success 「xesagek357」 guest has been removed. 
2021.02.01 17:16:41 206 Success 「jefesep385」 guest has been removed. 
2021.02.01 17:16:41 402 Success 「_05 TestGuest」 guest has been removed. 
2021.02.01 17:16:41 607 Success 「ratiko1263」 guest has been removed. 
2021.02.01 17:16:41 840 Success 「tahoro2544」 guest has been removed. 
2021.02.01 17:16:42 035 Success 「yawala8792」 guest has been removed. 
2021.02.01 17:16:42 249 Success 「wetox51369」 guest has been removed. 
2021.02.01 17:16:42 462 Success 「nalah49000」 guest has been removed. 
2021.02.01 17:16:42 682 Success 「vaxoma6316」 guest has been removed. 
2021.02.01 17:16:42 887 Success 「hayemaf452」 guest has been removed. 
2021.02.01 17:16:43 114 Success 「wixox94631」 guest has been removed. 
2021.02.01 17:16:43 322 Success 「_06 TestGuest」 guest has been removed. 
2021.02.01 17:16:43 534 Success 「nikor18146」 guest has been removed. 
2021.02.01 17:16:43 722 Success 「vokeso4982」 guest has been removed. 
2021.02.01 17:16:43 913 Success 「kikahe5665」 guest has been removed. 
2021.02.01 17:16:44 123 Success 「_07 TestGuest」 guest has been removed. 
2021.02.01 17:16:44 319 Success 「lisayiw548」 guest has been removed. 
2021.02.01 17:16:44 514 Success 「takiw92008」 guest has been removed. 
2021.02.01 17:16:44 716 Success 「mikese6458」 guest has been removed. 
2021.02.01 17:37:29 029 Success 「Le Jason」 guest has been removed. 
2021.02.01 17:37:29 315 Success 「Nabeshima Hiroaki」 guest has been removed. 
2021.02.01 17:37:29 566 Success 「yenino7904」 guest has been removed. 
2021.02.01 17:37:29 829 Success 「tiway84941」 guest has been removed. 
2021.02.01 17:37:30 055 Success 「yocokoc511」 guest has been removed. 
2021.02.01 17:37:30 295 Success 「hekeb56087」 guest has been removed. 
2021.02.01 17:37:30 553 Success 「tiron56376」 guest has been removed. 
2021.02.01 17:37:30 797 Success 「sejesok667」 guest has been removed. 
2021.02.01 17:37:31 040 Success 「_04 TestGuest」 guest has been removed. 
2021.02.01 17:37:31 279 Success 「xesagek357」 guest has been removed. 
2021.02.01 17:37:31 503 Success 「jefesep385」 guest has been removed. 
2021.02.01 17:37:31 720 Success 「_05 TestGuest」 guest has been removed. 
2021.02.01 17:37:31 938 Success 「ratiko1263」 guest has been removed. 
2021.02.01 17:37:32 175 Success 「tahoro2544」 guest has been removed. 
2021.02.01 17:37:32 415 Success 「yawala8792」 guest has been removed. 
2021.02.01 17:37:32 660 Success 「wetox51369」 guest has been removed. 
2021.02.01 17:37:32 882 Success 「nalah49000」 guest has been removed. 
2021.02.01 17:37:33 102 Success 「vaxoma6316」 guest has been removed. 
2021.02.01 17:37:33 347 Success 「hayemaf452」 guest has been removed. 
2021.02.01 17:37:33 568 Success 「wixox94631」 guest has been removed. 
2021.02.01 17:37:33 787 Success 「_06 TestGuest」 guest has been removed. 
2021.02.01 17:37:34 044 Success 「nikor18146」 guest has been removed. 
2021.02.01 17:37:34 268 Success 「vokeso4982」 guest has been removed. 
2021.02.01 17:37:34 489 Success 「kikahe5665」 guest has been removed. 
2021.02.01 17:37:34 729 Success 「_07 TestGuest」 guest has been removed. 
2021.02.01 17:37:34 951 Success 「lisayiw548」 guest has been removed. 
2021.02.01 17:37:35 175 Success 「takiw92008」 guest has been removed. 
2021.02.01 17:37:35 428 Success 「mikese6458」 guest has been removed. 
2021.02.01 18:12:19 896 Success 「Le Jason」 guest has been removed. 
2021.02.01 18:12:20 145 Success 「Nabeshima Hiroaki」 guest has been removed. 
2021.02.01 18:12:20 358 Success 「yenino7904」 guest has been removed. 
2021.02.01 18:12:20 596 Success 「tiway84941」 guest has been removed. 
2021.02.01 18:12:20 809 Success 「yocokoc511」 guest has been removed. 
2021.02.01 18:12:21 022 Success 「hekeb56087」 guest has been removed. 
2021.02.01 18:12:21 266 Success 「tiron56376」 guest has been removed. 
2021.02.01 18:12:21 499 Success 「sejesok667」 guest has been removed. 
2021.02.01 18:12:21 715 Success 「_04 TestGuest」 guest has been removed. 
2021.02.01 18:12:21 956 Success 「xesagek357」 guest has been removed. 
2021.02.01 18:12:22 217 Success 「jefesep385」 guest has been removed. 
2021.02.01 18:12:22 446 Success 「_05 TestGuest」 guest has been removed. 
2021.02.01 18:12:22 679 Success 「ratiko1263」 guest has been removed. 
2021.02.01 18:12:22 890 Success 「tahoro2544」 guest has been removed. 
2021.02.01 18:12:23 131 Success 「yawala8792」 guest has been removed. 
2021.02.01 18:12:23 341 Success 「wetox51369」 guest has been removed. 
2021.02.01 18:12:23 578 Success 「nalah49000」 guest has been removed. 
2021.02.01 18:12:23 810 Success 「vaxoma6316」 guest has been removed. 
2021.02.01 18:12:24 027 Success 「hayemaf452」 guest has been removed. 
2021.02.01 18:12:24 240 Success 「wixox94631」 guest has been removed. 
2021.02.01 18:12:24 480 Success 「_06 TestGuest」 guest has been removed. 
2021.02.01 18:12:24 691 Success 「nikor18146」 guest has been removed. 
2021.02.01 18:12:24 929 Success 「vokeso4982」 guest has been removed. 
2021.02.01 18:12:25 139 Success 「kikahe5665」 guest has been removed. 
2021.02.01 18:12:25 372 Success 「_07 TestGuest」 guest has been removed. 
2021.02.01 18:12:25 582 Success 「lisayiw548」 guest has been removed. 
2021.02.01 18:12:25 839 Success 「takiw92008」 guest has been removed. 
2021.02.01 18:12:26 070 Success 「mikese6458」 guest has been removed. 
