2021.01.28 11:05:16 472 Success 「Nabeshima Hiroaki」 guest has been removed. 
2021.01.28 11:05:16 697 Success 「yenino7904」 guest has been removed. 
2021.01.28 11:05:16 934 Success 「tiway84941」 guest has been removed. 
2021.01.28 11:05:17 170 Success 「yocokoc511」 guest has been removed. 
2021.01.28 11:05:17 414 Success 「hekeb56087」 guest has been removed. 
2021.01.28 11:05:17 659 Success 「tiron56376」 guest has been removed. 
2021.01.28 11:05:17 905 Success 「sejesok667」 guest has been removed. 
2021.01.28 11:05:18 125 Success 「_04 TestGuest」 guest has been removed. 
2021.01.28 11:05:18 456 Success 「xesagek357」 guest has been removed. 
2021.01.28 11:05:18 678 Success 「jefesep385」 guest has been removed. 
2021.01.28 11:05:18 925 Success 「_05 TestGuest」 guest has been removed. 
2021.01.28 11:05:19 147 Success 「ratiko1263」 guest has been removed. 
2021.01.28 11:05:19 392 Success 「tahoro2544」 guest has been removed. 
2021.01.28 11:05:19 638 Success 「yawala8792」 guest has been removed. 
2021.01.28 11:05:19 900 Success 「_02 TestGuest」 guest has been removed. 
2021.01.28 11:05:20 134 Success 「wetox51369」 guest has been removed. 
2021.01.28 11:05:20 891 Success 「nalah49000」 guest has been removed. 
2021.01.28 11:05:21 111 Success 「vaxoma6316」 guest has been removed. 
2021.01.28 11:05:21 335 Success 「hayemaf452」 guest has been removed. 
2021.01.28 11:05:21 606 Success 「wixox94631」 guest has been removed. 
2021.01.28 11:05:21 847 Success 「_06 TestGuest」 guest has been removed. 
2021.01.28 11:05:22 071 Success 「nikor18146」 guest has been removed. 
2021.01.28 11:05:22 352 Success 「vokeso4982」 guest has been removed. 
2021.01.28 11:05:22 571 Success 「kikahe5665」 guest has been removed. 
2021.01.28 11:05:22 796 Success 「_07 TestGuest」 guest has been removed. 
2021.01.28 11:05:23 032 Success 「lisayiw548」 guest has been removed. 
2021.01.28 11:05:23 361 Success 「takiw92008」 guest has been removed. 
