2021.01.29 16:14:59 087 Success 「Le Jason」 guest has been removed. 
2021.01.29 16:14:59 379 Success 「Nabeshima Hiroaki」 guest has been removed. 
2021.01.29 16:14:59 622 Success 「yenino7904」 guest has been removed. 
2021.01.29 16:14:59 862 Success 「tiway84941」 guest has been removed. 
2021.01.29 16:15:00 100 Success 「yocokoc511」 guest has been removed. 
2021.01.29 16:15:00 317 Success 「hekeb56087」 guest has been removed. 
2021.01.29 16:15:00 610 Success 「tiron56376」 guest has been removed. 
2021.01.29 16:15:00 825 Success 「sejesok667」 guest has been removed. 
2021.01.29 16:15:01 072 Success 「_04 TestGuest」 guest has been removed. 
2021.01.29 16:15:01 306 Success 「xesagek357」 guest has been removed. 
2021.01.29 16:15:01 536 Success 「jefesep385」 guest has been removed. 
2021.01.29 16:15:01 790 Success 「_05 TestGuest」 guest has been removed. 
2021.01.29 16:15:02 046 Success 「ratiko1263」 guest has been removed. 
2021.01.29 16:15:02 270 Success 「tahoro2544」 guest has been removed. 
2021.01.29 16:15:02 503 Success 「yawala8792」 guest has been removed. 
2021.01.29 16:15:02 726 Success 「wetox51369」 guest has been removed. 
2021.01.29 16:15:02 935 Success 「nalah49000」 guest has been removed. 
2021.01.29 16:15:03 168 Success 「vaxoma6316」 guest has been removed. 
2021.01.29 16:15:03 401 Success 「hayemaf452」 guest has been removed. 
2021.01.29 16:15:03 611 Success 「wixox94631」 guest has been removed. 
2021.01.29 16:15:03 825 Success 「_06 TestGuest」 guest has been removed. 
2021.01.29 16:15:04 041 Success 「nikor18146」 guest has been removed. 
2021.01.29 16:15:04 256 Success 「vokeso4982」 guest has been removed. 
2021.01.29 16:15:04 471 Success 「kikahe5665」 guest has been removed. 
2021.01.29 16:15:04 676 Success 「_07 TestGuest」 guest has been removed. 
2021.01.29 16:15:04 915 Success 「lisayiw548」 guest has been removed. 
2021.01.29 16:15:05 148 Success 「takiw92008」 guest has been removed. 
