2021.01.22 15:20:46 752 Success 「Le Thanh Nguyen」 guest has been removed. 
2021.01.22 15:20:47 103 Success 「yenino7904」 guest has been removed. 
2021.01.22 15:20:47 819 Success 「tiway84941」 guest has been removed. 
2021.01.22 15:20:48 070 Success 「yocokoc511」 guest has been removed. 
2021.01.22 15:20:48 297 Success 「hekeb56087」 guest has been removed. 
2021.01.22 15:20:48 525 Success 「tiron56376」 guest has been removed. 
2021.01.22 15:20:48 754 Success 「sejesok667」 guest has been removed. 
2021.01.22 15:20:49 019 Success 「fagese8091」 guest has been removed. 
2021.01.22 15:20:49 289 Success 「xesagek357」 guest has been removed. 
2021.01.22 15:20:50 048 Success 「jefesep385」 guest has been removed. 
2021.01.22 15:20:50 307 Success 「feyevo8925」 guest has been removed. 
2021.01.22 15:20:50 560 Success 「ratiko1263」 guest has been removed. 
2021.01.22 15:20:50 804 Success 「tahoro2544」 guest has been removed. 
2021.01.22 15:20:51 045 Success 「yawala8792」 guest has been removed. 
2021.01.22 15:20:51 277 Success 「doged84727」 guest has been removed. 
2021.01.22 15:20:51 505 Success 「wetox51369」 guest has been removed. 
2021.01.22 15:20:51 737 Success 「nalah49000」 guest has been removed. 
2021.01.22 15:20:51 988 Success 「vaxoma6316」 guest has been removed. 
2021.01.22 15:20:52 231 Success 「hayemaf452」 guest has been removed. 
2021.01.22 15:20:52 478 Success 「wixox94631」 guest has been removed. 
2021.01.22 15:20:53 268 Success 「gerowi1069」 guest has been removed. 
2021.01.22 15:20:53 520 Success 「nikor18146」 guest has been removed. 
2021.01.22 15:20:53 780 Success 「vokeso4982」 guest has been removed. 
2021.01.22 16:37:27 858 Error Object reference not set to an instance of an object. 
