2021.01.20 14:40:10 398 Success 「Le Thanh Nguyen」 guest has been removed. 
2021.01.20 14:40:10 682 Success 「yenino7904」 guest has been removed. 
2021.01.20 14:40:10 924 Success 「tiway84941」 guest has been removed. 
2021.01.20 14:40:11 234 Success 「yocokoc511」 guest has been removed. 
2021.01.20 14:40:11 477 Success 「hekeb56087」 guest has been removed. 
2021.01.20 14:40:11 715 Success 「tiron56376」 guest has been removed. 
2021.01.20 14:40:11 936 Success 「sejesok667」 guest has been removed. 
2021.01.20 14:40:12 176 Success 「fagese8091」 guest has been removed. 
2021.01.20 14:40:12 404 Success 「xesagek357」 guest has been removed. 
2021.01.20 14:40:12 643 Success 「jefesep385」 guest has been removed. 
2021.01.20 14:40:12 881 Success 「feyevo8925」 guest has been removed. 
2021.01.20 14:40:13 112 Success 「ratiko1263」 guest has been removed. 
2021.01.20 14:40:13 361 Success 「tahoro2544」 guest has been removed. 
2021.01.20 14:40:13 627 Success 「yawala8792」 guest has been removed. 
2021.01.20 14:40:13 853 Success 「doged84727」 guest has been removed. 
2021.01.20 14:40:14 534 Success 「wetox51369」 guest has been removed. 
2021.01.20 14:40:14 781 Success 「nalah49000」 guest has been removed. 
2021.01.20 14:40:15 011 Success 「vaxoma6316」 guest has been removed. 
2021.01.20 14:40:15 263 Success 「hayemaf452」 guest has been removed. 
2021.01.20 14:44:49 688 Error Cannot find 「v-hnabeshima@bbsystem.co.jp」 address for sending mail. 
2021.01.20 14:48:27 460 Success 「Le Thanh Nguyen」 guest has been removed. 
2021.01.20 14:48:27 682 Success 「yenino7904」 guest has been removed. 
2021.01.20 14:48:27 911 Success 「tiway84941」 guest has been removed. 
2021.01.20 14:48:28 182 Success 「yocokoc511」 guest has been removed. 
2021.01.20 14:48:28 439 Success 「hekeb56087」 guest has been removed. 
2021.01.20 14:48:28 667 Success 「tiron56376」 guest has been removed. 
2021.01.20 14:48:28 895 Success 「sejesok667」 guest has been removed. 
2021.01.20 14:48:29 124 Success 「fagese8091」 guest has been removed. 
2021.01.20 14:48:29 349 Success 「xesagek357」 guest has been removed. 
2021.01.20 14:48:29 597 Success 「jefesep385」 guest has been removed. 
2021.01.20 14:48:29 870 Success 「feyevo8925」 guest has been removed. 
2021.01.20 14:48:30 098 Success 「ratiko1263」 guest has been removed. 
2021.01.20 14:48:30 400 Success 「tahoro2544」 guest has been removed. 
2021.01.20 14:48:30 619 Success 「yawala8792」 guest has been removed. 
2021.01.20 14:48:30 866 Success 「doged84727」 guest has been removed. 
2021.01.20 14:48:31 095 Success 「wetox51369」 guest has been removed. 
2021.01.20 14:48:31 359 Success 「nalah49000」 guest has been removed. 
2021.01.20 14:48:31 588 Success 「vaxoma6316」 guest has been removed. 
2021.01.20 14:48:31 813 Success 「hayemaf452」 guest has been removed. 
2021.01.20 15:07:31 258 Success 「Le Thanh Nguyen」 guest has been removed. 
2021.01.20 15:07:31 484 Success 「yenino7904」 guest has been removed. 
2021.01.20 15:07:31 731 Success 「tiway84941」 guest has been removed. 
2021.01.20 15:07:32 071 Success 「yocokoc511」 guest has been removed. 
2021.01.20 15:07:32 337 Success 「hekeb56087」 guest has been removed. 
2021.01.20 15:07:32 564 Success 「tiron56376」 guest has been removed. 
2021.01.20 15:07:32 881 Success 「sejesok667」 guest has been removed. 
2021.01.20 15:07:33 108 Success 「fagese8091」 guest has been removed. 
2021.01.20 15:07:33 339 Success 「xesagek357」 guest has been removed. 
2021.01.20 15:07:33 587 Success 「jefesep385」 guest has been removed. 
2021.01.20 15:07:33 837 Success 「feyevo8925」 guest has been removed. 
2021.01.20 15:07:34 104 Success 「ratiko1263」 guest has been removed. 
2021.01.20 15:07:34 802 Success 「tahoro2544」 guest has been removed. 
2021.01.20 15:07:35 029 Success 「yawala8792」 guest has been removed. 
2021.01.20 15:07:35 271 Success 「doged84727」 guest has been removed. 
2021.01.20 15:07:35 519 Success 「wetox51369」 guest has been removed. 
2021.01.20 15:07:36 284 Success 「nalah49000」 guest has been removed. 
2021.01.20 15:07:36 513 Success 「vaxoma6316」 guest has been removed. 
2021.01.20 15:07:36 745 Success 「hayemaf452」 guest has been removed. 
2021.01.20 16:24:59 510 Success 「yocokoc511」 guest has been removed. 
2021.01.20 16:34:24 934 Error An item with the same key has already been added. 
