2021.01.26 09:19:20 568 Success 「Le Jason」 guest has been removed. 
2021.01.26 09:19:20 732 Success 「Nabeshima Hiroaki」 guest has been removed. 
2021.01.26 09:19:20 847 Success 「yenino7904」 guest has been removed. 
2021.01.26 09:19:20 934 Success 「tiway84941」 guest has been removed. 
2021.01.26 09:19:21 019 Success 「yocokoc511」 guest has been removed. 
2021.01.26 09:19:21 106 Success 「hekeb56087」 guest has been removed. 
2021.01.26 09:19:21 196 Success 「tiron56376」 guest has been removed. 
2021.01.26 09:19:21 282 Success 「sejesok667」 guest has been removed. 
2021.01.26 09:19:21 369 Success 「fagese8091」 guest has been removed. 
2021.01.26 09:19:21 455 Success 「xesagek357」 guest has been removed. 
2021.01.26 09:19:21 540 Success 「jefesep385」 guest has been removed. 
2021.01.26 09:19:21 636 Success 「feyevo8925」 guest has been removed. 
2021.01.26 09:19:21 715 Success 「ratiko1263」 guest has been removed. 
2021.01.26 09:19:21 793 Success 「tahoro2544」 guest has been removed. 
2021.01.26 09:19:21 872 Success 「yawala8792」 guest has been removed. 
2021.01.26 09:19:22 043 Success 「doged84727」 guest has been removed. 
2021.01.26 09:19:22 131 Success 「wetox51369」 guest has been removed. 
2021.01.26 09:19:22 220 Success 「nalah49000」 guest has been removed. 
2021.01.26 09:19:22 302 Success 「vaxoma6316」 guest has been removed. 
2021.01.26 09:19:22 393 Success 「hayemaf452」 guest has been removed. 
2021.01.26 09:19:22 478 Success 「wixox94631」 guest has been removed. 
2021.01.26 09:19:22 566 Success 「gerowi1069」 guest has been removed. 
2021.01.26 09:19:22 658 Success 「nikor18146」 guest has been removed. 
2021.01.26 09:19:22 739 Success 「vokeso4982」 guest has been removed. 
2021.01.26 09:19:22 876 Success 「kikahe5665」 guest has been removed. 
2021.01.26 09:19:22 957 Success 「gosab61428」 guest has been removed. 
2021.01.26 09:19:23 044 Success 「lisayiw548」 guest has been removed. 
2021.01.26 09:19:23 128 Success 「takiw92008」 guest has been removed. 
2021.01.26 09:19:23 226 Success 「mikese6458」 guest has been removed. 
2021.01.26 09:21:55 689 Success 「takiw92008」 guest has been removed. 
2021.01.26 09:24:45 818 Success 「takiw92008」 guest has been removed. 
