2021.01.19 10:25:50 853 Success 「Le Thanh Nguyen」 guest has been removed. 
2021.01.19 10:52:22 632 Error Index (zero based) must be greater than or equal to zero and less than the size of the argument list. 
2021.01.19 11:21:12 013 Success 「hekeb56087」 guest has been removed. 
2021.01.19 11:21:50 169 Success 「Le Jason」 guest has been removed. 
2021.01.19 11:21:50 176 Success 「Le Thanh Nguyen」 guest has been removed. 
2021.01.19 11:21:50 179 Success 「yenino7904」 guest has been removed. 
2021.01.19 11:21:50 184 Success 「tiway84941」 guest has been removed. 
2021.01.19 11:21:50 188 Success 「yocokoc511」 guest has been removed. 
2021.01.19 11:21:50 195 Success 「hekeb56087」 guest has been removed. 
2021.01.19 11:21:50 200 Success 「tiron56376」 guest has been removed. 
2021.01.19 11:21:50 202 Success 「sejesok667」 guest has been removed. 
2021.01.19 11:21:50 205 Success 「fagese8091」 guest has been removed. 
2021.01.19 11:21:50 207 Success 「xesagek357」 guest has been removed. 
2021.01.19 11:21:50 210 Success 「jefesep385」 guest has been removed. 
2021.01.19 11:21:50 212 Success 「lecixa1591」 guest has been removed. 
2021.01.19 11:21:50 214 Success 「feyevo8925」 guest has been removed. 
2021.01.19 11:21:50 216 Success 「ratiko1263」 guest has been removed. 
2021.01.19 11:21:50 217 Success 「tahoro2544」 guest has been removed. 
2021.01.19 11:21:50 219 Success 「yawala8792」 guest has been removed. 
2021.01.19 11:21:50 220 Success 「doged84727」 guest has been removed. 
2021.01.19 11:21:50 222 Success 「wetox51369」 guest has been removed. 
2021.01.19 11:21:50 224 Success 「nalah49000」 guest has been removed. 
2021.01.19 11:21:50 226 Success 「vaxoma6316」 guest has been removed. 
2021.01.19 11:21:50 227 Success 「hayemaf452」 guest has been removed. 
2021.01.19 11:21:50 229 Success 「wixox94631」 guest has been removed. 
2021.01.19 11:21:50 230 Success 「gerowi1069」 guest has been removed. 
2021.01.19 11:21:50 232 Success 「nikor18146」 guest has been removed. 
2021.01.19 11:21:50 233 Success 「vokeso4982」 guest has been removed. 
2021.01.19 11:26:36 698 Success 「Le Thanh Nguyen」 guest has been removed. 
2021.01.19 11:27:17 379 Success 「Le Jason」 guest has been removed. 
2021.01.19 11:27:17 386 Success 「Le Thanh Nguyen」 guest has been removed. 
2021.01.19 11:27:17 392 Success 「yenino7904」 guest has been removed. 
2021.01.19 11:27:17 399 Success 「tiway84941」 guest has been removed. 
2021.01.19 11:27:17 404 Success 「yocokoc511」 guest has been removed. 
2021.01.19 11:27:17 409 Success 「hekeb56087」 guest has been removed. 
2021.01.19 11:27:17 412 Success 「tiron56376」 guest has been removed. 
2021.01.19 11:27:17 416 Success 「sejesok667」 guest has been removed. 
2021.01.19 11:27:17 421 Success 「fagese8091」 guest has been removed. 
2021.01.19 11:27:17 425 Success 「xesagek357」 guest has been removed. 
2021.01.19 11:27:17 428 Success 「jefesep385」 guest has been removed. 
2021.01.19 11:27:17 431 Success 「lecixa1591」 guest has been removed. 
2021.01.19 11:27:17 435 Success 「feyevo8925」 guest has been removed. 
2021.01.19 11:27:17 437 Success 「ratiko1263」 guest has been removed. 
2021.01.19 11:27:17 441 Success 「tahoro2544」 guest has been removed. 
2021.01.19 11:27:17 444 Success 「yawala8792」 guest has been removed. 
2021.01.19 11:27:17 446 Success 「doged84727」 guest has been removed. 
2021.01.19 11:27:17 448 Success 「wetox51369」 guest has been removed. 
2021.01.19 11:27:17 451 Success 「nalah49000」 guest has been removed. 
2021.01.19 11:27:17 454 Success 「vaxoma6316」 guest has been removed. 
2021.01.19 11:27:17 456 Success 「hayemaf452」 guest has been removed. 
2021.01.19 11:27:17 458 Success 「wixox94631」 guest has been removed. 
2021.01.19 11:27:17 460 Success 「gerowi1069」 guest has been removed. 
2021.01.19 11:27:17 462 Success 「nikor18146」 guest has been removed. 
2021.01.19 11:27:17 464 Success 「vokeso4982」 guest has been removed. 
2021.01.19 11:43:28 813 Success 「yenino7904」 guest has been removed. 
2021.01.19 13:37:24 260 Success 「Le Jason」 guest has been removed. 
2021.01.19 13:37:25 060 Success 「Le Thanh Nguyen」 guest has been removed. 
2021.01.19 13:37:25 302 Success 「yenino7904」 guest has been removed. 
2021.01.19 13:37:25 530 Success 「tiway84941」 guest has been removed. 
2021.01.19 13:37:25 777 Success 「yocokoc511」 guest has been removed. 
2021.01.19 13:37:25 998 Success 「hekeb56087」 guest has been removed. 
2021.01.19 13:37:26 680 Success 「tiron56376」 guest has been removed. 
2021.01.19 13:37:26 903 Success 「sejesok667」 guest has been removed. 
2021.01.19 13:37:27 136 Success 「fagese8091」 guest has been removed. 
2021.01.19 13:37:27 379 Success 「xesagek357」 guest has been removed. 
2021.01.19 13:37:27 627 Success 「jefesep385」 guest has been removed. 
2021.01.19 13:37:27 848 Success 「lecixa1591」 guest has been removed. 
2021.01.19 13:37:28 088 Success 「feyevo8925」 guest has been removed. 
2021.01.19 13:37:28 335 Success 「ratiko1263」 guest has been removed. 
2021.01.19 13:37:29 018 Success 「tahoro2544」 guest has been removed. 
2021.01.19 13:37:29 237 Success 「yawala8792」 guest has been removed. 
2021.01.19 13:39:09 030 Success 「hekeb56087」 guest has been removed. 
2021.01.19 13:40:31 934 Success 「hekeb56087」 guest has been removed. 
2021.01.19 13:40:32 036 Error Collection was modified; enumeration operation may not execute. 
2021.01.19 14:02:41 106 Error Index (zero based) must be greater than or equal to zero and less than the size of the argument list. 
2021.01.19 14:05:05 161 Success 「Le Jason」 guest has been removed. 
2021.01.19 14:05:05 401 Success 「yenino7904」 guest has been removed. 
2021.01.19 14:05:05 634 Success 「tiway84941」 guest has been removed. 
2021.01.19 14:05:05 878 Success 「yocokoc511」 guest has been removed. 
2021.01.19 14:05:06 146 Success 「hekeb56087」 guest has been removed. 
2021.01.19 14:05:06 392 Success 「tiron56376」 guest has been removed. 
2021.01.19 14:05:06 721 Success 「sejesok667」 guest has been removed. 
2021.01.19 14:05:06 974 Success 「fagese8091」 guest has been removed. 
2021.01.19 14:05:07 231 Success 「xesagek357」 guest has been removed. 
2021.01.19 14:05:07 489 Success 「jefesep385」 guest has been removed. 
2021.01.19 14:05:07 727 Success 「lecixa1591」 guest has been removed. 
2021.01.19 14:05:07 970 Success 「feyevo8925」 guest has been removed. 
2021.01.19 16:21:54 112 Success 「lecixa1591」 guest has been removed. 
2021.01.19 16:23:35 646 Error Index (zero based) must be greater than or equal to zero and less than the size of the argument list. 
2021.01.19 16:47:53 151 Error Index (zero based) must be greater than or equal to zero and less than the size of the argument list. 
2021.01.19 16:50:21 778 Error Object reference not set to an instance of an object. 
2021.01.19 17:12:00 170 Error Object reference not set to an instance of an object. 
2021.01.19 17:22:11 824 Success 「Le Jason」 guest has been removed. 
2021.01.19 17:22:12 103 Success 「Le Thanh Nguyen」 guest has been removed. 
2021.01.19 17:22:12 334 Success 「yenino7904」 guest has been removed. 
2021.01.19 17:22:12 578 Success 「tiway84941」 guest has been removed. 
2021.01.19 17:22:12 800 Success 「yocokoc511」 guest has been removed. 
2021.01.19 17:22:13 040 Success 「hekeb56087」 guest has been removed. 
2021.01.19 17:22:13 273 Success 「tiron56376」 guest has been removed. 
2021.01.19 17:22:13 491 Success 「sejesok667」 guest has been removed. 
2021.01.19 17:22:14 154 Success 「fagese8091」 guest has been removed. 
2021.01.19 17:22:14 391 Success 「xesagek357」 guest has been removed. 
2021.01.19 17:22:14 609 Success 「jefesep385」 guest has been removed. 
2021.01.19 17:22:14 827 Success 「feyevo8925」 guest has been removed. 
2021.01.19 17:22:15 075 Success 「ratiko1263」 guest has been removed. 
2021.01.19 17:22:15 322 Success 「tahoro2544」 guest has been removed. 
2021.01.19 17:22:15 623 Success 「yawala8792」 guest has been removed. 
2021.01.19 17:22:15 839 Success 「doged84727」 guest has been removed. 
2021.01.19 17:22:16 107 Success 「wetox51369」 guest has been removed. 
2021.01.19 17:22:16 779 Success 「nalah49000」 guest has been removed. 
2021.01.19 17:22:17 014 Success 「vaxoma6316」 guest has been removed. 
2021.01.19 17:22:17 249 Success 「hayemaf452」 guest has been removed. 
2021.01.19 17:22:17 467 Success 「wixox94631」 guest has been removed. 
2021.01.19 17:22:17 686 Success 「gerowi1069」 guest has been removed. 
2021.01.19 17:22:17 942 Success 「nikor18146」 guest has been removed. 
2021.01.19 17:22:18 162 Success 「vokeso4982」 guest has been removed. 
