2021.01.15 10:05:40 484 Success 「nofev60836」 guest has been removed. 
2021.01.15 13:29:16 808 Success 「nofev60836」 guest has been removed. 
2021.01.15 13:30:42 778 Success 「nofev60836」 guest has been removed. 
2021.01.15 13:30:42 886 Success 「Le Thanh Nguyen」 guest has been removed. 
2021.01.15 13:30:43 105 Success 「Nabeshima Hiroaki」 guest has been removed. 
2021.01.15 13:37:27 810 Error One or more errors occurred.
Code: Authorization_RequestDenied
Message: Insufficient privileges to complete the operation.
Inner error:
	AdditionalData:
	date: 2021-01-15T06:39:25
	request-id: 2462523c-b257-4760-931b-70beb88d828d
	client-request-id: 2462523c-b257-4760-931b-70beb88d828d
ClientRequestId: 2462523c-b257-4760-931b-70beb88d828d
 
2021.01.15 13:37:45 022 Error Index (zero based) must be greater than or equal to zero and less than the size of the argument list. 
2021.01.15 13:44:07 880 Error One or more errors occurred.
Code: Authorization_RequestDenied
Message: Insufficient privileges to complete the operation.
Inner error:
	AdditionalData:
	date: 2021-01-15T06:46:23
	request-id: 39d61d7c-16e7-4fa4-9d96-5cfa021b4dda
	client-request-id: 39d61d7c-16e7-4fa4-9d96-5cfa021b4dda
ClientRequestId: 39d61d7c-16e7-4fa4-9d96-5cfa021b4dda
 
2021.01.15 13:46:09 652 Error Index (zero based) must be greater than or equal to zero and less than the size of the argument list. 
2021.01.15 13:49:40 368 Error One or more errors occurred.
Code: Authorization_RequestDenied
Message: Insufficient privileges to complete the operation.
Inner error:
	AdditionalData:
	date: 2021-01-15T06:52:23
	request-id: 75d07a2e-9f80-483a-8d0b-533f7bf84e0e
	client-request-id: 75d07a2e-9f80-483a-8d0b-533f7bf84e0e
ClientRequestId: 75d07a2e-9f80-483a-8d0b-533f7bf84e0e
 
2021.01.15 13:49:40 395 Error Index (zero based) must be greater than or equal to zero and less than the size of the argument list. 
2021.01.15 13:52:02 040 Success 「nofev60836」 guest has been removed. 
2021.01.15 14:20:21 784 Error One or more errors occurred.
Code: Authorization_RequestDenied
Message: Insufficient privileges to complete the operation.
Inner error:
	AdditionalData:
	date: 2021-01-15T07:23:05
	request-id: ea3a8524-7339-45ec-8a43-c5a40aa289e5
	client-request-id: ea3a8524-7339-45ec-8a43-c5a40aa289e5
ClientRequestId: ea3a8524-7339-45ec-8a43-c5a40aa289e5
 
2021.01.15 14:20:21 818 Error Index (zero based) must be greater than or equal to zero and less than the size of the argument list. 
2021.01.15 14:34:44 762 Error One or more errors occurred.
Code: timeout
Message: The request timed out.

A task was canceled. 
2021.01.15 14:42:14 663 Error One or more errors occurred.
Code: Authorization_RequestDenied
Message: Insufficient privileges to complete the operation.
Inner error:
	AdditionalData:
	date: 2021-01-15T07:44:43
	request-id: 68f805bb-d73b-4457-a93f-ee343fcc1b1e
	client-request-id: 68f805bb-d73b-4457-a93f-ee343fcc1b1e
ClientRequestId: 68f805bb-d73b-4457-a93f-ee343fcc1b1e
 
2021.01.15 14:42:44 268 Error Index (zero based) must be greater than or equal to zero and less than the size of the argument list. 
2021.01.15 14:58:52 337 Error One or more errors occurred.
Code: Authorization_RequestDenied
Message: Insufficient privileges to complete the operation.
Inner error:
	AdditionalData:
	date: 2021-01-15T08:01:01
	request-id: b20b9b80-d339-4cd8-b714-448155ec344f
	client-request-id: b20b9b80-d339-4cd8-b714-448155ec344f
ClientRequestId: b20b9b80-d339-4cd8-b714-448155ec344f
 
2021.01.15 14:59:07 161 Error Index (zero based) must be greater than or equal to zero and less than the size of the argument list. 
2021.01.15 15:10:29 430 Success 「nofev60836」 guest has been removed. 
2021.01.15 15:22:13 942 Success 「nofev60836」 guest has been removed. 
2021.01.15 15:30:39 020 Success 「Le Thanh Nguyen」 guest has been removed. 
2021.01.15 15:30:39 156 Success 「Nabeshima Hiroaki」 guest has been removed. 
2021.01.15 15:36:29 489 Success 「Nabeshima Hiroaki」 guest has been removed. 
2021.01.15 15:38:16 936 Success 「Nabeshima Hiroaki」 guest has been removed. 
2021.01.15 15:55:04 364 Success 「Nabeshima Hiroaki」 guest has been removed. 
2021.01.15 16:00:08 808 Success 「Nabeshima Hiroaki」 guest has been removed. 
2021.01.15 16:22:39 854 Success 「Le Thanh Nguyen」 guest has been removed. 
2021.01.15 16:22:39 954 Success 「Nabeshima Hiroaki」 guest has been removed. 
2021.01.15 16:41:01 254 Error An item with the same key has already been added. 
2021.01.15 16:43:01 478 Success 「Nabeshima Hiroaki」 guest has been removed. 
2021.01.15 16:46:40 352 Success 「Nabeshima Hiroaki」 guest has been removed. 
2021.01.15 16:50:28 674 Success 「Nabeshima Hiroaki」 guest has been removed. 
2021.01.15 16:58:46 543 Success 「Nabeshima Hiroaki」 guest has been removed. 
2021.01.15 17:04:34 443 Success 「Nabeshima Hiroaki」 guest has been removed. 
2021.01.15 17:05:00 424 Success 「Nabeshima Hiroaki」 guest has been removed. 
